<?xml version="1.0" encoding="UTF-8"?>
<!-- Generated by org.testng.reporters.JUnitReportReporter -->
<testsuite skipped="0" hostname="DESKTOP-ADGCHK6" name="com.ebanking.master.RoleNG" tests="3" failures="0" timestamp="2023-06-01T19:16:54 IST" time="22.886" errors="0">
  <testcase name="Rol" time="7.629" classname="com.ebanking.master.RoleNG"/>
  <system-out/>
  <testcase name="Rol" time="7.761" classname="com.ebanking.master.RoleNG"/>
  <system-out/>
  <testcase name="Rol" time="7.496" classname="com.ebanking.master.RoleNG"/>
  <system-out/>
</testsuite> <!-- com.ebanking.master.RoleNG -->
