<?xml version="1.0" encoding="UTF-8"?>
<!-- Generated by org.testng.reporters.JUnitReportReporter -->
<testsuite skipped="0" hostname="DESKTOP-ADGCHK6" name="com.ebanking.master.SGrid" tests="2" failures="0" timestamp="2023-06-16T19:39:08 IST" time="66.892" errors="0">
  <testcase name="Grid" time="30.149" classname="com.ebanking.master.SGrid"/>
  <system-out/>
  <testcase name="Grid" time="36.743" classname="com.ebanking.master.SGrid"/>
  <system-out/>
</testsuite> <!-- com.ebanking.master.SGrid -->
