<?xml version="1.0" encoding="UTF-8"?>
<!-- Generated by org.testng.reporters.JUnitReportReporter -->
<testsuite skipped="0" hostname="DESKTOP-ADGCHK6" name="com.ebanking.master.Exepom" tests="3" failures="0" timestamp="2023-06-07T19:03:05 IST" time="76.755" errors="0">
  <testcase name="Rolecre" time="25.591" classname="com.ebanking.master.Exepom"/>
  <system-out/>
  <testcase name="Rolecre" time="25.589" classname="com.ebanking.master.Exepom"/>
  <system-out/>
  <testcase name="Rolecre" time="25.575" classname="com.ebanking.master.Exepom"/>
  <system-out/>
</testsuite> <!-- com.ebanking.master.Exepom -->
