<?xml version="1.0" encoding="UTF-8"?>
<!-- Generated by org.testng.reporters.JUnitReportReporter -->
<testsuite skipped="0" hostname="DESKTOP-ADGCHK6" name="com.ebanking.scripts.SampleNG" tests="2" failures="0" timestamp="2023-05-30T19:30:38 IST" time="25.271" errors="0">
  <testcase name="bcd" time="12.771" classname="com.ebanking.scripts.SampleNG"/>
  <system-out/>
  <testcase name="abc" time="12.500" classname="com.ebanking.scripts.SampleNG"/>
  <system-out/>
</testsuite> <!-- com.ebanking.scripts.SampleNG -->
