<?xml version="1.0" encoding="UTF-8"?>
<!-- Generated by org.testng.reporters.JUnitReportReporter -->
<testsuite skipped="0" hostname="DESKTOP-ADGCHK6" name="com.ebanking.master.SelGrid" tests="2" failures="0" timestamp="2023-06-19T12:54:56 IST" time="49.321" errors="0">
  <testcase name="Grid" time="26.339" classname="com.ebanking.master.SelGrid"/>
  <system-out/>
  <testcase name="Grid" time="22.982" classname="com.ebanking.master.SelGrid"/>
  <system-out/>
</testsuite> <!-- com.ebanking.master.SelGrid -->
